<?xml version="1.0" encoding="UTF-8"?>
<!-- Generated by org.testng.reporters.JUnitXMLReporter -->
<testsuite ignored="0" hostname="LAPTOP-IKSOT8NF" failures="0" tests="6" name="Register_Test" time="150.306" errors="0" timestamp="2023-07-29T21:07:56 EDT">
  <testcase classname="com.test.practice.RegisterProcess2" name="Register1" time="51.944"/>
  <testcase classname="com.test.practice.RegisterProcess2" name="Register2" time="5.559"/>
  <testcase classname="com.test.practice.RegisterProcess3" name="Register1" time="4.928"/>
  <testcase classname="com.test.practice.RegisterProcess3" name="Register6" time="5.738"/>
  <testcase classname="com.test.practice.RegisterProcess1" name="Register1" time="4.748"/>
  <testcase classname="com.test.practice.RegisterProcess1" name="Register2" time="5.507"/>
</testsuite> <!-- Register_Test -->
