<?xml version="1.0" encoding="UTF-8"?>
<!-- Generated by org.testng.reporters.JUnitXMLReporter -->
<testsuite ignored="0" hostname="LAPTOP-IKSOT8NF" failures="0" tests="3" name="Test" time="0.349" errors="0" timestamp="2023-09-17T20:02:21 EDT">
  <testcase classname="com.TNGpractice.Li.Report" name="@BeforeMethod getstatus" time="0.007">
    <failure type="java.lang.NullPointerException" message="Cannot invoke &amp;quot;com.aventstack.extentreports.ExtentTest.skip(java.lang.Throwable)&amp;quot; because &amp;quot;this.test&amp;quot; is null">
      <![CDATA[java.lang.NullPointerException: Cannot invoke "com.aventstack.extentreports.ExtentTest.skip(java.lang.Throwable)" because "this.test" is null
at com.TNGpractice.Li.Report.getstatus(Report.java:41)
at java.base/java.util.ArrayList.forEach(ArrayList.java:1511)
... Removed 31 stack frames]]>
    </failure>
  </testcase> <!-- @BeforeMethod getstatus -->
  <testcase classname="com.TNGpractice.Li.LoginTC" name="@BeforeMethod Login" time="0.0">
    <skipped/>
  </testcase> <!-- @BeforeMethod Login -->
  <testcase classname="com.TNGpractice.Li.LoginTC" name="@AfterMethod teardown" time="0.0">
    <skipped/>
  </testcase> <!-- @AfterMethod teardown -->
  <testcase classname="com.TNGpractice.Li.Report" name="@BeforeMethod getstatus" time="0.0">
    <skipped/>
  </testcase> <!-- @BeforeMethod getstatus -->
  <testcase classname="com.TNGpractice.Li.LoginTC" name="@BeforeMethod Login" time="0.0">
    <skipped/>
  </testcase> <!-- @BeforeMethod Login -->
  <testcase classname="com.TNGpractice.Li.LoginTC" name="@AfterMethod teardown" time="0.0">
    <skipped/>
  </testcase> <!-- @AfterMethod teardown -->
  <testcase classname="com.TNGpractice.Li.Report" name="@BeforeMethod getstatus" time="0.0">
    <skipped/>
  </testcase> <!-- @BeforeMethod getstatus -->
  <testcase classname="com.TNGpractice.Li.LoginTC" name="@BeforeMethod Login" time="0.0">
    <skipped/>
  </testcase> <!-- @BeforeMethod Login -->
  <testcase classname="com.TNGpractice.Li.LoginTC" name="@AfterMethod teardown" time="0.0">
    <skipped/>
  </testcase> <!-- @AfterMethod teardown -->
  <testcase classname="com.TNGpractice.Li.LoginTC" name="TNlogin1" time="0.0">
    <skipped/>
  </testcase> <!-- TNlogin1 -->
  <testcase classname="com.TNGpractice.Li.LoginTC" name="TNlogin2" time="0.001">
    <skipped/>
  </testcase> <!-- TNlogin2 -->
  <testcase classname="com.TNGpractice.Li.LoginTC" name="TNlogin3" time="0.0">
    <skipped/>
  </testcase> <!-- TNlogin3 -->
</testsuite> <!-- Test -->
