<?xml version="1.0" encoding="UTF-8"?>
<!-- Generated by org.testng.reporters.JUnitXMLReporter -->
<testsuite ignored="0" hostname="LAPTOP-IKSOT8NF" failures="0" tests="6" name="Test" time="110.425" errors="0" timestamp="2023-07-29T23:00:10 EDT">
  <testcase classname="com.test.practice.RegisterProcess2" name="Register1" time="8.388"/>
  <testcase classname="com.test.practice.RegisterProcess2" name="Register2" time="8.35"/>
  <testcase classname="com.test.practice.RegisterProcess3" name="Register1" time="6.718"/>
  <testcase classname="com.test.practice.RegisterProcess3" name="Register6" time="7.889"/>
  <testcase classname="com.test.practice.RegisterProcess1" name="Register1" time="6.798"/>
  <testcase classname="com.test.practice.RegisterProcess1" name="Register2" time="6.449"/>
</testsuite> <!-- Test -->
