<?xml version="1.0" encoding="UTF-8"?>
<!-- Generated by org.testng.reporters.JUnitXMLReporter -->
<testsuite ignored="0" hostname="LAPTOP-IKSOT8NF" failures="0" tests="3" name="Test1" time="0.659" errors="0" timestamp="2023-08-28T22:49:58 EDT">
  <testcase classname="com.TNGpractice.Li.LoginTC" name="TNlogin1" time="0.0">
    <skipped/>
  </testcase> <!-- TNlogin1 -->
  <testcase classname="com.TNGpractice.Li.LoginTC" name="TNlogin2" time="0.0">
    <skipped/>
  </testcase> <!-- TNlogin2 -->
  <testcase classname="com.TNGpractice.Li.LoginTC" name="TNlogin3" time="0.0">
    <skipped/>
  </testcase> <!-- TNlogin3 -->
</testsuite> <!-- Test1 -->
