<?xml version="1.0" encoding="UTF-8"?>
<!-- Generated by org.testng.reporters.JUnitXMLReporter -->
<testsuite ignored="1" hostname="LAPTOP-IKSOT8NF" failures="0" tests="2" name="Test" time="35.325" errors="0" timestamp="2023-08-26T21:52:45 EDT">
  <testcase classname="com.package1.suiterun.LoginTC" name="TNlogin1" time="3.619"/>
  <testcase classname="com.package1.suiterun.LoginTC" name="TNlogin3" time="3.89"/>
  <testcase classname="com.package1.suiterun.LoginTC" name="TNlogin2" time="0.0">
    <ignored/>
  </testcase> <!-- TNlogin2 -->
</testsuite> <!-- Test -->
