<?xml version="1.0" encoding="UTF-8"?>
<testng-results ignored="0" total="2" passed="2" failed="0" skipped="0">
  <reporter-output>
  </reporter-output>
  <suite started-at="2023-08-13T00:17:31 EDT" name="Default suite" finished-at="2023-08-13T00:18:18 EDT" duration-ms="46198">
    <groups>
    </groups>
    <test started-at="2023-08-13T00:17:31 EDT" name="Default test" finished-at="2023-08-13T00:18:18 EDT" duration-ms="46198">
      <class name="com.exceldata.practice.Login">
        <test-method is-config="true" signature="Login()[pri:0, instance:com.exceldata.practice.Login@5b247367]" started-at="2023-08-13T00:17:34 EDT" name="Login" finished-at="2023-08-13T00:17:56 EDT" duration-ms="22354" status="PASS">
          <reporter-output>
          </reporter-output>
        </test-method> <!-- Login -->
        <test-method signature="Login1(java.lang.String,java.lang.String)[pri:1, instance:com.exceldata.practice.Login@5b247367]" started-at="2023-08-13T00:17:56 EDT" name="Login1" data-provider="TN" finished-at="2023-08-13T00:18:00 EDT" duration-ms="3485" status="PASS">
          <params>
            <param index="0">
              <value>
                <![CDATA[seleniumpanda4567@gmail.com]]>
              </value>
            </param>
            <param index="1">
              <value>
                <![CDATA[Selenium@123]]>
              </value>
            </param>
          </params>
          <reporter-output>
          </reporter-output>
        </test-method> <!-- Login1 -->
        <test-method is-config="true" signature="teardown()[pri:0, instance:com.exceldata.practice.Login@5b247367]" started-at="2023-08-13T00:18:00 EDT" name="teardown" finished-at="2023-08-13T00:18:01 EDT" duration-ms="1291" status="PASS">
          <reporter-output>
          </reporter-output>
        </test-method> <!-- teardown -->
        <test-method is-config="true" signature="Login()[pri:0, instance:com.exceldata.practice.Login@5b247367]" started-at="2023-08-13T00:18:01 EDT" name="Login" finished-at="2023-08-13T00:18:11 EDT" duration-ms="10112" status="PASS">
          <reporter-output>
          </reporter-output>
        </test-method> <!-- Login -->
        <test-method signature="Login1(java.lang.String,java.lang.String)[pri:1, instance:com.exceldata.practice.Login@5b247367]" started-at="2023-08-13T00:18:11 EDT" name="Login1" data-provider="TN" finished-at="2023-08-13T00:18:17 EDT" duration-ms="5414" status="PASS">
          <params>
            <param index="0">
              <value>
                <![CDATA[seleniumpanda4567@gmail.com]]>
              </value>
            </param>
            <param index="1">
              <value>
                <![CDATA[Selenium@123]]>
              </value>
            </param>
          </params>
          <reporter-output>
          </reporter-output>
        </test-method> <!-- Login1 -->
        <test-method is-config="true" signature="teardown()[pri:0, instance:com.exceldata.practice.Login@5b247367]" started-at="2023-08-13T00:18:17 EDT" name="teardown" finished-at="2023-08-13T00:18:18 EDT" duration-ms="999" status="PASS">
          <reporter-output>
          </reporter-output>
        </test-method> <!-- teardown -->
      </class> <!-- com.exceldata.practice.Login -->
    </test> <!-- Default test -->
  </suite> <!-- Default suite -->
</testng-results>
